<?xml version="1.0" encoding="UTF-8"?>
<OmniDataTransform xmlns="http://soap.sforce.com/2006/04/metadata">
    <active>false</active>
    <assignmentRulesUsed>false</assignmentRulesUsed>
    <deletedOnSuccess>false</deletedOnSuccess>
    <description>Simple single record DataRaptor Load. Notice the read only field Name is not mapped.</description>
    <errorIgnored>false</errorIgnored>
    <expectedInputJson>{
  &quot;UpdateContactId&quot; : &quot;0033i0000029WovAAE&quot;,
  &quot;UpdateEmail&quot; : &quot;edward2@acme.com&quot;,
  &quot;UpdateName&quot; : &quot;Edward Stamos&quot;
}</expectedInputJson>
    <fieldLevelSecurityEnabled>false</fieldLevelSecurityEnabled>
    <inputType>JSON</inputType>
    <name>sampleUpdatePriContact</name>
    <nullInputsIncludedInOutput>false</nullInputsIncludedInOutput>
    <omniDataTransformItem>
        <disabled>true</disabled>
        <filterGroup>0.0</filterGroup>
        <filterOperator>=</filterOperator>
        <globalKey>TRNGUpdatePriContactCustom4471</globalKey>
        <inputObjectQuerySequence>0.0</inputObjectQuerySequence>
        <linkedObjectSequence>0.0</linkedObjectSequence>
        <migrationValue>FAKEMAPPING</migrationValue>
        <name>sampleUpdatePriContact</name>
        <outputCreationSequence>1.0</outputCreationSequence>
        <outputFieldName>Id</outputFieldName>
        <outputObjectName>Contact</outputObjectName>
        <requiredForUpsert>false</requiredForUpsert>
        <upsertKey>false</upsertKey>
    </omniDataTransformItem>
    <omniDataTransformItem>
        <disabled>false</disabled>
        <filterGroup>0.0</filterGroup>
        <globalKey>TRNGUpdatePriContactCustom5935</globalKey>
        <inputFieldName>UpdateContactId</inputFieldName>
        <inputObjectQuerySequence>0.0</inputObjectQuerySequence>
        <linkedObjectSequence>0.0</linkedObjectSequence>
        <name>sampleUpdatePriContact</name>
        <outputCreationSequence>1.0</outputCreationSequence>
        <outputFieldName>Id</outputFieldName>
        <outputObjectName>Contact</outputObjectName>
        <requiredForUpsert>true</requiredForUpsert>
        <upsertKey>true</upsertKey>
    </omniDataTransformItem>
    <omniDataTransformItem>
        <disabled>false</disabled>
        <filterGroup>0.0</filterGroup>
        <globalKey>sampleUpdatePriContactCustom2950</globalKey>
        <inputFieldName>UpdateLastName</inputFieldName>
        <inputObjectQuerySequence>0.0</inputObjectQuerySequence>
        <linkedObjectSequence>0.0</linkedObjectSequence>
        <name>sampleUpdatePriContact</name>
        <outputCreationSequence>1.0</outputCreationSequence>
        <outputFieldName>LastName</outputFieldName>
        <outputObjectName>Contact</outputObjectName>
        <requiredForUpsert>false</requiredForUpsert>
        <upsertKey>false</upsertKey>
    </omniDataTransformItem>
    <omniDataTransformItem>
        <disabled>false</disabled>
        <filterGroup>0.0</filterGroup>
        <globalKey>sampleUpdatePriContactCustom3038</globalKey>
        <inputFieldName>UpdateFirstName</inputFieldName>
        <inputObjectQuerySequence>0.0</inputObjectQuerySequence>
        <linkedObjectSequence>0.0</linkedObjectSequence>
        <name>sampleUpdatePriContact</name>
        <outputCreationSequence>1.0</outputCreationSequence>
        <outputFieldName>FirstName</outputFieldName>
        <outputObjectName>Contact</outputObjectName>
        <requiredForUpsert>false</requiredForUpsert>
        <upsertKey>false</upsertKey>
    </omniDataTransformItem>
    <omniDataTransformItem>
        <disabled>false</disabled>
        <filterGroup>0.0</filterGroup>
        <globalKey>TRNGUpdatePriContactCustom3826</globalKey>
        <inputFieldName>UpdateEmail</inputFieldName>
        <inputObjectQuerySequence>0.0</inputObjectQuerySequence>
        <linkedObjectSequence>0.0</linkedObjectSequence>
        <name>sampleUpdatePriContact</name>
        <outputCreationSequence>1.0</outputCreationSequence>
        <outputFieldName>Email</outputFieldName>
        <outputObjectName>Contact</outputObjectName>
        <requiredForUpsert>false</requiredForUpsert>
        <upsertKey>false</upsertKey>
    </omniDataTransformItem>
    <outputType>SObject</outputType>
    <previewJsonData>{
  &quot;UpdateContactId&quot; : &quot;0033i0000029WovAAE&quot;,
  &quot;UpdateEmail&quot; : &quot;edward@acme.com&quot;,
  &quot;UpdateName&quot; : &quot;Edward Stamos&quot;
}</previewJsonData>
    <processSuperBulk>false</processSuperBulk>
    <responseCacheTtlMinutes>0.0</responseCacheTtlMinutes>
    <rollbackOnError>false</rollbackOnError>
    <sourceObject>json</sourceObject>
    <sourceObjectDefault>false</sourceObjectDefault>
    <synchronousProcessThreshold>-1.0</synchronousProcessThreshold>
    <type>Load</type>
    <uniqueName>sampleUpdatePriContact_1</uniqueName>
    <versionNumber>1.0</versionNumber>
    <xmlDeclarationRemoved>false</xmlDeclarationRemoved>
</OmniDataTransform>
