<?xml version="1.0" encoding="UTF-8"?>
<OmniDataTransform xmlns="http://soap.sforce.com/2006/04/metadata">
    <active>false</active>
    <assignmentRulesUsed>false</assignmentRulesUsed>
    <deletedOnSuccess>false</deletedOnSuccess>
    <description>Simple single record DataRaptor Load. Notice the AccountId is on a separate node.</description>
    <errorIgnored>false</errorIgnored>
    <expectedInputJson>{
  &quot;AccountId&quot; : &quot;0013i0000030LDyZZZ&quot;,
  &quot;AccountName&quot; : &quot;PlaceHolder Inc&quot;,
  &quot;AccountPhone&quot; : &quot;(123) 123-4567&quot;,
  &quot;AccountPostalCode&quot; : 12345,
  &quot;AccountPriContact&quot; : &quot;Ana Holder&quot;,
  &quot;AccountWebsite&quot; : &quot;www.placeholderinc.com&quot;
}</expectedInputJson>
    <fieldLevelSecurityEnabled>false</fieldLevelSecurityEnabled>
    <inputType>JSON</inputType>
    <name>sampleSaveAccountDetails</name>
    <nullInputsIncludedInOutput>false</nullInputsIncludedInOutput>
    <omniDataTransformItem>
        <disabled>false</disabled>
        <filterGroup>0.0</filterGroup>
        <globalKey>sampleSaveAccountDetailsCustom5232</globalKey>
        <inputFieldName>AccountPostalCode</inputFieldName>
        <inputObjectQuerySequence>0.0</inputObjectQuerySequence>
        <linkedObjectSequence>0.0</linkedObjectSequence>
        <name>sampleSaveAccountDetails</name>
        <outputCreationSequence>1.0</outputCreationSequence>
        <outputFieldName>BillingPostalCode</outputFieldName>
        <outputObjectName>Account</outputObjectName>
        <requiredForUpsert>false</requiredForUpsert>
        <upsertKey>false</upsertKey>
    </omniDataTransformItem>
    <omniDataTransformItem>
        <disabled>true</disabled>
        <filterGroup>0.0</filterGroup>
        <filterOperator>=</filterOperator>
        <globalKey>SAMPLESaveAccountDetailsCustoma173i000000ZZtFAAWItem0</globalKey>
        <inputObjectQuerySequence>0.0</inputObjectQuerySequence>
        <linkedObjectSequence>0.0</linkedObjectSequence>
        <migrationValue>FAKEMAPPING</migrationValue>
        <name>sampleSaveAccountDetails</name>
        <outputCreationSequence>1.0</outputCreationSequence>
        <outputFieldName>Id</outputFieldName>
        <outputObjectName>Account</outputObjectName>
        <requiredForUpsert>false</requiredForUpsert>
        <upsertKey>false</upsertKey>
    </omniDataTransformItem>
    <omniDataTransformItem>
        <disabled>false</disabled>
        <filterGroup>0.0</filterGroup>
        <globalKey>SAMPLESaveAccountDetailsCustoma173i000000ZZtFAAWItem1</globalKey>
        <inputFieldName>AccountId</inputFieldName>
        <inputObjectQuerySequence>0.0</inputObjectQuerySequence>
        <linkedObjectSequence>0.0</linkedObjectSequence>
        <name>sampleSaveAccountDetails</name>
        <outputCreationSequence>1.0</outputCreationSequence>
        <outputFieldName>Id</outputFieldName>
        <outputObjectName>Account</outputObjectName>
        <requiredForUpsert>true</requiredForUpsert>
        <upsertKey>true</upsertKey>
    </omniDataTransformItem>
    <omniDataTransformItem>
        <disabled>false</disabled>
        <filterGroup>0.0</filterGroup>
        <globalKey>SAMPLESaveAccountDetailsCustoma173i000000ZZtFAAWItem3</globalKey>
        <inputFieldName>AccountWebsite</inputFieldName>
        <inputObjectQuerySequence>0.0</inputObjectQuerySequence>
        <linkedObjectSequence>0.0</linkedObjectSequence>
        <name>sampleSaveAccountDetails</name>
        <outputCreationSequence>1.0</outputCreationSequence>
        <outputFieldName>Website</outputFieldName>
        <outputObjectName>Account</outputObjectName>
        <requiredForUpsert>false</requiredForUpsert>
        <upsertKey>false</upsertKey>
    </omniDataTransformItem>
    <omniDataTransformItem>
        <disabled>false</disabled>
        <filterGroup>0.0</filterGroup>
        <globalKey>SAMPLESaveAccountDetailsCustoma173i000000ZZtFAAWItem2</globalKey>
        <inputFieldName>AccountPhone</inputFieldName>
        <inputObjectQuerySequence>0.0</inputObjectQuerySequence>
        <linkedObjectSequence>0.0</linkedObjectSequence>
        <name>sampleSaveAccountDetails</name>
        <outputCreationSequence>1.0</outputCreationSequence>
        <outputFieldName>Phone</outputFieldName>
        <outputObjectName>Account</outputObjectName>
        <requiredForUpsert>false</requiredForUpsert>
        <upsertKey>false</upsertKey>
    </omniDataTransformItem>
    <outputType>SObject</outputType>
    <previewJsonData>{
  &quot;AccountId&quot; : &quot;0013i0000030LDyZZZ&quot;,
  &quot;AccountName&quot; : &quot;PlaceHolder Inc&quot;,
  &quot;AccountPhone&quot; : &quot;(123) 123-4567&quot;,
  &quot;AccountPostalCode&quot; : 12345,
  &quot;AccountPriContact&quot; : &quot;Ana Holder&quot;,
  &quot;AccountWebsite&quot; : &quot;www.placeholderinc.com&quot;
}</previewJsonData>
    <processSuperBulk>false</processSuperBulk>
    <responseCacheTtlMinutes>0.0</responseCacheTtlMinutes>
    <rollbackOnError>false</rollbackOnError>
    <sourceObject>json</sourceObject>
    <sourceObjectDefault>false</sourceObjectDefault>
    <synchronousProcessThreshold>-1.0</synchronousProcessThreshold>
    <type>Load</type>
    <uniqueName>sampleSaveAccountDetails_1</uniqueName>
    <versionNumber>1.0</versionNumber>
    <xmlDeclarationRemoved>false</xmlDeclarationRemoved>
</OmniDataTransform>
