<?xml version="1.0" encoding="UTF-8"?>
<OmniDataTransform xmlns="http://soap.sforce.com/2006/04/metadata">
    <active>false</active>
    <assignmentRulesUsed>false</assignmentRulesUsed>
    <deletedOnSuccess>false</deletedOnSuccess>
    <errorIgnored>false</errorIgnored>
    <fieldLevelSecurityEnabled>false</fieldLevelSecurityEnabled>
    <inputType>JSON</inputType>
    <name>sampleGetAccountDetails</name>
    <nullInputsIncludedInOutput>false</nullInputsIncludedInOutput>
    <omniDataTransformItem>
        <disabled>false</disabled>
        <filterDataType>ID</filterDataType>
        <filterGroup>0.0</filterGroup>
        <filterOperator>=</filterOperator>
        <filterValue>AccountId</filterValue>
        <globalKey>sampleGetAccountDetailsCustom30</globalKey>
        <inputFieldName>Id</inputFieldName>
        <inputObjectName>Account</inputObjectName>
        <inputObjectQuerySequence>1.0</inputObjectQuerySequence>
        <linkedObjectSequence>0.0</linkedObjectSequence>
        <name>sampleGetAccountDetails</name>
        <outputCreationSequence>0.0</outputCreationSequence>
        <outputFieldName>Account</outputFieldName>
        <outputObjectName>Turbo Extract</outputObjectName>
        <requiredForUpsert>false</requiredForUpsert>
        <upsertKey>false</upsertKey>
    </omniDataTransformItem>
    <omniDataTransformItem>
        <disabled>false</disabled>
        <filterGroup>0.0</filterGroup>
        <globalKey>sampleGetAccountDetailsCustom8516</globalKey>
        <inputFieldName>Phone</inputFieldName>
        <inputObjectName>Account</inputObjectName>
        <inputObjectQuerySequence>0.0</inputObjectQuerySequence>
        <linkedObjectSequence>0.0</linkedObjectSequence>
        <name>sampleGetAccountDetails</name>
        <outputCreationSequence>1.0</outputCreationSequence>
        <outputFieldName>Account</outputFieldName>
        <outputObjectName>Turbo Extract</outputObjectName>
        <requiredForUpsert>false</requiredForUpsert>
        <upsertKey>false</upsertKey>
    </omniDataTransformItem>
    <omniDataTransformItem>
        <disabled>false</disabled>
        <filterGroup>0.0</filterGroup>
        <globalKey>sampleGetAccountDetailsCustom7134</globalKey>
        <inputFieldName>Name</inputFieldName>
        <inputObjectName>Account</inputObjectName>
        <inputObjectQuerySequence>0.0</inputObjectQuerySequence>
        <linkedObjectSequence>0.0</linkedObjectSequence>
        <name>sampleGetAccountDetails</name>
        <outputCreationSequence>1.0</outputCreationSequence>
        <outputFieldName>Account</outputFieldName>
        <outputObjectName>Turbo Extract</outputObjectName>
        <requiredForUpsert>false</requiredForUpsert>
        <upsertKey>false</upsertKey>
    </omniDataTransformItem>
    <omniDataTransformItem>
        <disabled>false</disabled>
        <filterGroup>0.0</filterGroup>
        <globalKey>sampleGetAccountDetailsCustom568</globalKey>
        <inputFieldName>Website</inputFieldName>
        <inputObjectName>Account</inputObjectName>
        <inputObjectQuerySequence>0.0</inputObjectQuerySequence>
        <linkedObjectSequence>0.0</linkedObjectSequence>
        <name>sampleGetAccountDetails</name>
        <outputCreationSequence>1.0</outputCreationSequence>
        <outputFieldName>Account</outputFieldName>
        <outputObjectName>Turbo Extract</outputObjectName>
        <requiredForUpsert>false</requiredForUpsert>
        <upsertKey>false</upsertKey>
    </omniDataTransformItem>
    <outputType>JSON</outputType>
    <previewJsonData>{ }</previewJsonData>
    <processSuperBulk>false</processSuperBulk>
    <responseCacheTtlMinutes>0.0</responseCacheTtlMinutes>
    <rollbackOnError>false</rollbackOnError>
    <sourceObject>json</sourceObject>
    <sourceObjectDefault>false</sourceObjectDefault>
    <synchronousProcessThreshold>0.0</synchronousProcessThreshold>
    <type>Turbo Extract</type>
    <uniqueName>sampleGetAccountDetails_1</uniqueName>
    <versionNumber>1.0</versionNumber>
    <xmlDeclarationRemoved>false</xmlDeclarationRemoved>
</OmniDataTransform>
