<?xml version="1.0" encoding="UTF-8"?>
<OmniDataTransform xmlns="http://soap.sforce.com/2006/04/metadata">
    <active>false</active>
    <assignmentRulesUsed>false</assignmentRulesUsed>
    <deletedOnSuccess>false</deletedOnSuccess>
    <description>There is no Extract step because this provides a static Stub output using formulas.</description>
    <errorIgnored>false</errorIgnored>
    <expectedOutputJson>{
  &quot;NewPriContactEmail&quot; : null,
  &quot;NewPrimaryContctId&quot; : null,
  &quot;TANewPriContact&quot; : null
}</expectedOutputJson>
    <fieldLevelSecurityEnabled>false</fieldLevelSecurityEnabled>
    <inputType>JSON</inputType>
    <name>teamStubChangePriContactTA</name>
    <nullInputsIncludedInOutput>false</nullInputsIncludedInOutput>
    <omniDataTransformItem>
        <disabled>false</disabled>
        <filterGroup>0.0</filterGroup>
        <globalKey>TEAMChangeContactTACustoma173i000000ZsxxAACItem7</globalKey>
        <inputFieldName>ChangeContact:Id</inputFieldName>
        <inputObjectQuerySequence>0.0</inputObjectQuerySequence>
        <linkedObjectSequence>0.0</linkedObjectSequence>
        <name>teamStubChangePriContactTA</name>
        <outputCreationSequence>1.0</outputCreationSequence>
        <outputFieldName>ChangeContactId</outputFieldName>
        <outputObjectName>json</outputObjectName>
        <requiredForUpsert>false</requiredForUpsert>
        <upsertKey>false</upsertKey>
    </omniDataTransformItem>
    <omniDataTransformItem>
        <disabled>false</disabled>
        <filterGroup>0.0</filterGroup>
        <globalKey>TEAMChangeContactTACustoma173i000000ZsxxAACItem6</globalKey>
        <inputFieldName>ChangeContact:Email</inputFieldName>
        <inputObjectQuerySequence>0.0</inputObjectQuerySequence>
        <linkedObjectSequence>0.0</linkedObjectSequence>
        <name>teamStubChangePriContactTA</name>
        <outputCreationSequence>1.0</outputCreationSequence>
        <outputFieldName>ChangeContactEmail</outputFieldName>
        <outputObjectName>json</outputObjectName>
        <requiredForUpsert>false</requiredForUpsert>
        <upsertKey>false</upsertKey>
    </omniDataTransformItem>
    <omniDataTransformItem>
        <disabled>false</disabled>
        <filterGroup>0.0</filterGroup>
        <globalKey>TEAMChangeContactTACustoma173i000000ZsxxAACItem8</globalKey>
        <inputFieldName>ChangeContact:Name</inputFieldName>
        <inputObjectQuerySequence>0.0</inputObjectQuerySequence>
        <linkedObjectSequence>0.0</linkedObjectSequence>
        <name>teamStubChangePriContactTA</name>
        <outputCreationSequence>1.0</outputCreationSequence>
        <outputFieldName>ChangeContactNameKey</outputFieldName>
        <outputObjectName>json</outputObjectName>
        <requiredForUpsert>false</requiredForUpsert>
        <upsertKey>false</upsertKey>
    </omniDataTransformItem>
    <omniDataTransformItem>
        <disabled>false</disabled>
        <filterGroup>0.0</filterGroup>
        <formulaConverted>&quot;Holder&quot;</formulaConverted>
        <formulaExpression>&quot;Holder&quot;</formulaExpression>
        <formulaResultPath>ChangeContact|1:LastName</formulaResultPath>
        <formulaSequence>8.0</formulaSequence>
        <globalKey>teamStubChangePriContactTACustom8348</globalKey>
        <inputObjectQuerySequence>0.0</inputObjectQuerySequence>
        <linkedObjectSequence>0.0</linkedObjectSequence>
        <name>teamStubChangePriContactTA</name>
        <outputCreationSequence>0.0</outputCreationSequence>
        <outputFieldName>Formula</outputFieldName>
        <outputObjectName>Formula</outputObjectName>
        <requiredForUpsert>false</requiredForUpsert>
        <upsertKey>false</upsertKey>
    </omniDataTransformItem>
    <omniDataTransformItem>
        <disabled>false</disabled>
        <filterGroup>0.0</filterGroup>
        <formulaConverted>&quot;aholder@placeholderinc.com&quot;</formulaConverted>
        <formulaExpression>&quot;aholder@placeholderinc.com&quot;</formulaExpression>
        <formulaResultPath>ChangeContact|2:Email</formulaResultPath>
        <formulaSequence>2.0</formulaSequence>
        <globalKey>TEAMChangeContactTACustoma173i000000ZsxxAACItem5</globalKey>
        <inputObjectQuerySequence>0.0</inputObjectQuerySequence>
        <linkedObjectSequence>0.0</linkedObjectSequence>
        <name>teamStubChangePriContactTA</name>
        <outputCreationSequence>0.0</outputCreationSequence>
        <outputFieldName>Formula</outputFieldName>
        <outputObjectName>Formula</outputObjectName>
        <requiredForUpsert>false</requiredForUpsert>
        <upsertKey>false</upsertKey>
    </omniDataTransformItem>
    <omniDataTransformItem>
        <disabled>false</disabled>
        <filterGroup>0.0</filterGroup>
        <formulaConverted>&quot;Place&quot;</formulaConverted>
        <formulaExpression>&quot;Place&quot;</formulaExpression>
        <formulaResultPath>ChangeContact|1:FirstName</formulaResultPath>
        <formulaSequence>7.0</formulaSequence>
        <globalKey>teamStubChangePriContactTACustom1655</globalKey>
        <inputObjectQuerySequence>0.0</inputObjectQuerySequence>
        <linkedObjectSequence>0.0</linkedObjectSequence>
        <name>teamStubChangePriContactTA</name>
        <outputCreationSequence>0.0</outputCreationSequence>
        <outputFieldName>Formula</outputFieldName>
        <outputObjectName>Formula</outputObjectName>
        <requiredForUpsert>false</requiredForUpsert>
        <upsertKey>false</upsertKey>
    </omniDataTransformItem>
    <omniDataTransformItem>
        <disabled>false</disabled>
        <filterGroup>0.0</filterGroup>
        <formulaConverted>&quot;pholder@placeholderinc.com&quot;</formulaConverted>
        <formulaExpression>&quot;pholder@placeholderinc.com&quot;</formulaExpression>
        <formulaResultPath>ChangeContact|1:Email</formulaResultPath>
        <formulaSequence>1.0</formulaSequence>
        <globalKey>TEAMChangeContactTACustoma173i000000ZsxxAACItem0</globalKey>
        <inputObjectQuerySequence>0.0</inputObjectQuerySequence>
        <linkedObjectSequence>0.0</linkedObjectSequence>
        <name>teamStubChangePriContactTA</name>
        <outputCreationSequence>0.0</outputCreationSequence>
        <outputFieldName>Formula</outputFieldName>
        <outputObjectName>Formula</outputObjectName>
        <requiredForUpsert>false</requiredForUpsert>
        <upsertKey>false</upsertKey>
    </omniDataTransformItem>
    <omniDataTransformItem>
        <disabled>false</disabled>
        <filterGroup>0.0</filterGroup>
        <formulaConverted>&quot;Holder&quot;</formulaConverted>
        <formulaExpression>&quot;Holder&quot;</formulaExpression>
        <formulaResultPath>ChangeContact|2:LastName</formulaResultPath>
        <formulaSequence>10.0</formulaSequence>
        <globalKey>teamStubChangePriContactTACustom6006</globalKey>
        <inputObjectQuerySequence>0.0</inputObjectQuerySequence>
        <linkedObjectSequence>0.0</linkedObjectSequence>
        <name>teamStubChangePriContactTA</name>
        <outputCreationSequence>0.0</outputCreationSequence>
        <outputFieldName>Formula</outputFieldName>
        <outputObjectName>Formula</outputObjectName>
        <requiredForUpsert>false</requiredForUpsert>
        <upsertKey>false</upsertKey>
    </omniDataTransformItem>
    <omniDataTransformItem>
        <disabled>false</disabled>
        <filterGroup>0.0</filterGroup>
        <formulaConverted>&quot;0033i0000029Wp0ZZZ&quot;</formulaConverted>
        <formulaExpression>&quot;0033i0000029Wp0ZZZ&quot;</formulaExpression>
        <formulaResultPath>ChangeContact|2:Id</formulaResultPath>
        <formulaSequence>4.0</formulaSequence>
        <globalKey>TEAMChangeContactTACustoma173i000000ZsxxAACItem3</globalKey>
        <inputObjectQuerySequence>0.0</inputObjectQuerySequence>
        <linkedObjectSequence>0.0</linkedObjectSequence>
        <name>teamStubChangePriContactTA</name>
        <outputCreationSequence>0.0</outputCreationSequence>
        <outputFieldName>Formula</outputFieldName>
        <outputObjectName>Formula</outputObjectName>
        <requiredForUpsert>false</requiredForUpsert>
        <upsertKey>false</upsertKey>
    </omniDataTransformItem>
    <omniDataTransformItem>
        <disabled>false</disabled>
        <filterGroup>0.0</filterGroup>
        <formulaConverted>&quot;Ana&quot;</formulaConverted>
        <formulaExpression>&quot;Ana&quot;</formulaExpression>
        <formulaResultPath>ChangeContact|2:FirstName</formulaResultPath>
        <formulaSequence>9.0</formulaSequence>
        <globalKey>teamStubChangePriContactTACustom7889</globalKey>
        <inputObjectQuerySequence>0.0</inputObjectQuerySequence>
        <linkedObjectSequence>0.0</linkedObjectSequence>
        <name>teamStubChangePriContactTA</name>
        <outputCreationSequence>0.0</outputCreationSequence>
        <outputFieldName>Formula</outputFieldName>
        <outputObjectName>Formula</outputObjectName>
        <requiredForUpsert>false</requiredForUpsert>
        <upsertKey>false</upsertKey>
    </omniDataTransformItem>
    <omniDataTransformItem>
        <disabled>false</disabled>
        <filterGroup>0.0</filterGroup>
        <formulaConverted>&quot;0033i0000029WovZZZ&quot;</formulaConverted>
        <formulaExpression>&quot;0033i0000029WovZZZ&quot;</formulaExpression>
        <formulaResultPath>ChangeContact|1:Id</formulaResultPath>
        <formulaSequence>3.0</formulaSequence>
        <globalKey>TEAMChangeContactTACustoma173i000000ZsxxAACItem4</globalKey>
        <inputObjectQuerySequence>0.0</inputObjectQuerySequence>
        <linkedObjectSequence>0.0</linkedObjectSequence>
        <name>teamStubChangePriContactTA</name>
        <outputCreationSequence>0.0</outputCreationSequence>
        <outputFieldName>Formula</outputFieldName>
        <outputObjectName>Formula</outputObjectName>
        <requiredForUpsert>false</requiredForUpsert>
        <upsertKey>false</upsertKey>
    </omniDataTransformItem>
    <omniDataTransformItem>
        <disabled>false</disabled>
        <filterGroup>0.0</filterGroup>
        <globalKey>teamStubChangePriContactTACustom2866</globalKey>
        <inputFieldName>ChangeContact:LastName</inputFieldName>
        <inputObjectQuerySequence>0.0</inputObjectQuerySequence>
        <linkedObjectSequence>0.0</linkedObjectSequence>
        <name>teamStubChangePriContactTA</name>
        <outputCreationSequence>1.0</outputCreationSequence>
        <outputFieldName>ChangeContactLastName</outputFieldName>
        <outputObjectName>json</outputObjectName>
        <requiredForUpsert>false</requiredForUpsert>
        <upsertKey>false</upsertKey>
    </omniDataTransformItem>
    <omniDataTransformItem>
        <disabled>false</disabled>
        <filterGroup>0.0</filterGroup>
        <formulaConverted>&quot;Ana/\/\/Holder&quot;</formulaConverted>
        <formulaExpression>&quot;Ana Holder&quot;</formulaExpression>
        <formulaResultPath>ChangeContact|2:Name</formulaResultPath>
        <formulaSequence>6.0</formulaSequence>
        <globalKey>TEAMChangeContactTACustoma173i000000ZsxxAACItem1</globalKey>
        <inputObjectQuerySequence>0.0</inputObjectQuerySequence>
        <linkedObjectSequence>0.0</linkedObjectSequence>
        <name>teamStubChangePriContactTA</name>
        <outputCreationSequence>0.0</outputCreationSequence>
        <outputFieldName>Formula</outputFieldName>
        <outputObjectName>Formula</outputObjectName>
        <requiredForUpsert>false</requiredForUpsert>
        <upsertKey>false</upsertKey>
    </omniDataTransformItem>
    <omniDataTransformItem>
        <disabled>false</disabled>
        <filterGroup>0.0</filterGroup>
        <globalKey>teamStubChangePriContactTACustom8889</globalKey>
        <inputFieldName>ChangeContact:FirstName</inputFieldName>
        <inputObjectQuerySequence>0.0</inputObjectQuerySequence>
        <linkedObjectSequence>0.0</linkedObjectSequence>
        <name>teamStubChangePriContactTA</name>
        <outputCreationSequence>1.0</outputCreationSequence>
        <outputFieldName>ChangeContactFirstName</outputFieldName>
        <outputObjectName>json</outputObjectName>
        <requiredForUpsert>false</requiredForUpsert>
        <upsertKey>false</upsertKey>
    </omniDataTransformItem>
    <omniDataTransformItem>
        <disabled>false</disabled>
        <filterGroup>0.0</filterGroup>
        <formulaConverted>&quot;Place/\/\/Holder&quot;</formulaConverted>
        <formulaExpression>&quot;Place Holder&quot;</formulaExpression>
        <formulaResultPath>ChangeContact|1:Name</formulaResultPath>
        <formulaSequence>5.0</formulaSequence>
        <globalKey>TEAMChangeContactTACustoma173i000000ZsxxAACItem2</globalKey>
        <inputObjectQuerySequence>0.0</inputObjectQuerySequence>
        <linkedObjectSequence>0.0</linkedObjectSequence>
        <name>teamStubChangePriContactTA</name>
        <outputCreationSequence>0.0</outputCreationSequence>
        <outputFieldName>Formula</outputFieldName>
        <outputObjectName>Formula</outputObjectName>
        <requiredForUpsert>false</requiredForUpsert>
        <upsertKey>false</upsertKey>
    </omniDataTransformItem>
    <outputType>JSON</outputType>
    <previewJsonData>{ }</previewJsonData>
    <processSuperBulk>false</processSuperBulk>
    <responseCacheTtlMinutes>0.0</responseCacheTtlMinutes>
    <rollbackOnError>false</rollbackOnError>
    <sourceObject>json</sourceObject>
    <sourceObjectDefault>false</sourceObjectDefault>
    <synchronousProcessThreshold>-1.0</synchronousProcessThreshold>
    <type>Extract</type>
    <uniqueName>teamStubChangePriContactTA_1</uniqueName>
    <versionNumber>1.0</versionNumber>
    <xmlDeclarationRemoved>false</xmlDeclarationRemoved>
</OmniDataTransform>
